AndroidProject/unityLibrary/build/intermediates/manifest_merge_blame_file/debug/manifest-merger-blame-debug-report.txt
1<?xml version="1.0" encoding="utf-8"?>
2<!-- GENERATED BY UNITY. REMOVE THIS COMMENT TO PREVENT OVERWRITING WHEN EXPORTING AGAIN -->
3<manifest xmlns:android="http://schemas.android.com/apk/res/android"
4    xmlns:tools="http://schemas.android.com/tools"
5    package="com.unity3d.player"
6    android:versionCode="1"
7    android:versionName="1.0" >
8
9    <uses-sdk
10        android:minSdkVersion="19"
10-->src\main\AndroidManifest.xml
11        android:targetSdkVersion="30" />
11-->src\main\AndroidManifest.xml
12
13    <uses-feature android:glEsVersion="0x00030000" />
13-->src\main\AndroidManifest.xml:16:3-52
13-->src\main\AndroidManifest.xml:16:17-49
14    <uses-feature
14-->src\main\AndroidManifest.xml:17:3-91
15        android:name="android.hardware.vulkan.version"
15-->src\main\AndroidManifest.xml:17:17-63
16        android:required="false" />
16-->src\main\AndroidManifest.xml:17:64-88
17    <uses-feature
17-->src\main\AndroidManifest.xml:18:3-88
18        android:name="android.hardware.touchscreen"
18-->src\main\AndroidManifest.xml:18:17-60
19        android:required="false" />
19-->src\main\AndroidManifest.xml:18:61-85
20    <uses-feature
20-->src\main\AndroidManifest.xml:19:3-99
21        android:name="android.hardware.touchscreen.multitouch"
21-->src\main\AndroidManifest.xml:19:17-71
22        android:required="false" />
22-->src\main\AndroidManifest.xml:19:72-96
23    <uses-feature
23-->src\main\AndroidManifest.xml:20:3-108
24        android:name="android.hardware.touchscreen.multitouch.distinct"
24-->src\main\AndroidManifest.xml:20:17-80
25        android:required="false" />
25-->src\main\AndroidManifest.xml:20:81-105
26
27    <application>
27-->src\main\AndroidManifest.xml:4:3-15:17
28        <activity
28-->src\main\AndroidManifest.xml:5:5-11:16
29            android:name="com.unity3d.player.UnityPlayerActivity"
29-->src\main\AndroidManifest.xml:5:15-68
30            android:configChanges="mcc|mnc|locale|touchscreen|keyboard|keyboardHidden|navigation|orientation|screenLayout|uiMode|screenSize|smallestScreenSize|fontScale|layoutDirection|density"
30-->src\main\AndroidManifest.xml:5:180-361
31            android:hardwareAccelerated="false"
31-->src\main\AndroidManifest.xml:5:362-397
32            android:launchMode="singleTask"
32-->src\main\AndroidManifest.xml:5:148-179
33            android:screenOrientation="portrait"
33-->src\main\AndroidManifest.xml:5:111-147
34            android:theme="@style/UnityThemeSelector" >
34-->src\main\AndroidManifest.xml:5:69-110
35            <intent-filter>
35-->src\main\AndroidManifest.xml:6:7-9:23
36                <action android:name="android.intent.action.MAIN" />
36-->src\main\AndroidManifest.xml:7:9-61
36-->src\main\AndroidManifest.xml:7:17-58
37
38                <category android:name="android.intent.category.LAUNCHER" />
38-->src\main\AndroidManifest.xml:8:9-69
38-->src\main\AndroidManifest.xml:8:19-66
39            </intent-filter>
40
41            <meta-data
41-->src\main\AndroidManifest.xml:10:7-82
42                android:name="unityplayer.UnityActivity"
42-->src\main\AndroidManifest.xml:10:18-58
43                android:value="true" />
43-->src\main\AndroidManifest.xml:10:59-79
44        </activity>
45
46        <meta-data
46-->src\main\AndroidManifest.xml:12:5-69
47            android:name="unity.splash-mode"
47-->src\main\AndroidManifest.xml:12:16-48
48            android:value="0" />
48-->src\main\AndroidManifest.xml:12:49-66
49        <meta-data
49-->src\main\AndroidManifest.xml:13:5-74
50            android:name="unity.splash-enable"
50-->src\main\AndroidManifest.xml:13:16-50
51            android:value="True" />
51-->src\main\AndroidManifest.xml:13:51-71
52        <meta-data
52-->src\main\AndroidManifest.xml:14:5-101
53            android:name="unity.build-id"
53-->src\main\AndroidManifest.xml:14:16-45
54            android:value="9e2262d3-7946-490b-8246-01e90a25aa6e" />
54-->src\main\AndroidManifest.xml:14:46-98
55    </application>
56
57</manifest>